[2023-05-22 10:04:48] local.ERROR: Uncaught InvalidArgumentException: Please provide a valid cache path. in /Users/mathieu/Documents/GitHub/Projet-QCM/api/vendor/laravel/framework/src/Illuminate/View/Compilers/Compiler.php:66
Stack trace:
#0 /Users/mathieu/Documents/GitHub/Projet-QCM/api/vendor/laravel/framework/src/Illuminate/View/ViewServiceProvider.php(96): Illuminate\View\Compilers\Compiler->__construct(Object(Illuminate\Filesystem\Filesystem), false, '', true, 'php')
#1 /Users/mathieu/Documents/GitHub/Projet-QCM/api/vendor/laravel/framework/src/Illuminate/Container/Container.php(910): Illuminate\View\ViewServiceProvider->Illuminate\View\{closure}(Object(Illuminate\Foundation\Application), Array)
#2 /Users/mathieu/Documents/GitHub/Projet-QCM/api/vendor/laravel/framework/src/Illuminate/Container/Container.php(795): Illuminate\Container\Container->build(Object(Closure))
#3 /Users/mathieu/Documents/GitHub/Projet-QCM/api/vendor/laravel/framework/src/Illuminate/Foundation/Application.php(933): Illuminate\Container\Container->resolve('blade.compiler', Array, true)
#4 /Users/mathieu/Documents/GitHub/Projet-QCM/api/vendor/laravel/framework/src/Illuminate/Container/Container.php(731): Illuminate\Foundation\Application->resolve('blade.compiler', Array)
#5 /Users/mathieu/Documents/GitHub/Projet-QCM/api/vendor/laravel/framework/src/Illuminate/Foundation/Application.php(918): Illuminate\Container\Container->make('blade.compiler', Array)
#6 /Users/mathieu/Documents/GitHub/Projet-QCM/api/vendor/laravel/framework/src/Illuminate/Foundation/helpers.php(120): Illuminate\Foundation\Application->make('blade.compiler', Array)
#7 Command line code(1): app('Illuminate\\View...')
#8 {main}
  thrown {"exception":"[object] (Symfony\\Component\\ErrorHandler\\Error\\FatalError(code: 0): Uncaught InvalidArgumentException: Please provide a valid cache path. in /Users/mathieu/Documents/GitHub/Projet-QCM/api/vendor/laravel/framework/src/Illuminate/View/Compilers/Compiler.php:66
Stack trace:
#0 /Users/mathieu/Documents/GitHub/Projet-QCM/api/vendor/laravel/framework/src/Illuminate/View/ViewServiceProvider.php(96): Illuminate\\View\\Compilers\\Compiler->__construct(Object(Illuminate\\Filesystem\\Filesystem), false, '', true, 'php')
#1 /Users/mathieu/Documents/GitHub/Projet-QCM/api/vendor/laravel/framework/src/Illuminate/Container/Container.php(910): Illuminate\\View\\ViewServiceProvider->Illuminate\\View\\{closure}(Object(Illuminate\\Foundation\\Application), Array)
#2 /Users/mathieu/Documents/GitHub/Projet-QCM/api/vendor/laravel/framework/src/Illuminate/Container/Container.php(795): Illuminate\\Container\\Container->build(Object(Closure))
#3 /Users/mathieu/Documents/GitHub/Projet-QCM/api/vendor/laravel/framework/src/Illuminate/Foundation/Application.php(933): Illuminate\\Container\\Container->resolve('blade.compiler', Array, true)
#4 /Users/mathieu/Documents/GitHub/Projet-QCM/api/vendor/laravel/framework/src/Illuminate/Container/Container.php(731): Illuminate\\Foundation\\Application->resolve('blade.compiler', Array)
#5 /Users/mathieu/Documents/GitHub/Projet-QCM/api/vendor/laravel/framework/src/Illuminate/Foundation/Application.php(918): Illuminate\\Container\\Container->make('blade.compiler', Array)
#6 /Users/mathieu/Documents/GitHub/Projet-QCM/api/vendor/laravel/framework/src/Illuminate/Foundation/helpers.php(120): Illuminate\\Foundation\\Application->make('blade.compiler', Array)
#7 Command line code(1): app('Illuminate\\\\View...')
#8 {main}
  thrown at /Users/mathieu/Documents/GitHub/Projet-QCM/api/vendor/laravel/framework/src/Illuminate/View/Compilers/Compiler.php:66)
[stacktrace]
#0 {main}
"} 
[2023-05-22 10:05:16] local.ERROR: Please provide a valid cache path. {"exception":"[object] (InvalidArgumentException(code: 0): Please provide a valid cache path. at /Users/mathieu/Documents/GitHub/Projet-QCM/api/vendor/laravel/framework/src/Illuminate/View/Compilers/Compiler.php:66)
[stacktrace]
#0 /Users/mathieu/Documents/GitHub/Projet-QCM/api/vendor/laravel/framework/src/Illuminate/View/ViewServiceProvider.php(96): Illuminate\\View\\Compilers\\Compiler->__construct(Object(Illuminate\\Filesystem\\Filesystem), false, '', true, 'php')
#1 /Users/mathieu/Documents/GitHub/Projet-QCM/api/vendor/laravel/framework/src/Illuminate/Container/Container.php(910): Illuminate\\View\\ViewServiceProvider->Illuminate\\View\\{closure}(Object(Illuminate\\Foundation\\Application), Array)
#2 /Users/mathieu/Documents/GitHub/Projet-QCM/api/vendor/laravel/framework/src/Illuminate/Container/Container.php(795): Illuminate\\Container\\Container->build(Object(Closure))
#3 /Users/mathieu/Documents/GitHub/Projet-QCM/api/vendor/laravel/framework/src/Illuminate/Foundation/Application.php(933): Illuminate\\Container\\Container->resolve('blade.compiler', Array, true)
#4 /Users/mathieu/Documents/GitHub/Projet-QCM/api/vendor/laravel/framework/src/Illuminate/Container/Container.php(731): Illuminate\\Foundation\\Application->resolve('blade.compiler', Array)
#5 /Users/mathieu/Documents/GitHub/Projet-QCM/api/vendor/laravel/framework/src/Illuminate/Foundation/Application.php(918): Illuminate\\Container\\Container->make('blade.compiler', Array)
#6 /Users/mathieu/Documents/GitHub/Projet-QCM/api/vendor/laravel/framework/src/Illuminate/Container/Container.php(1456): Illuminate\\Foundation\\Application->make('blade.compiler')
#7 /Users/mathieu/Documents/GitHub/Projet-QCM/api/vendor/laravel/framework/src/Illuminate/View/ViewServiceProvider.php(164): Illuminate\\Container\\Container->offsetGet('blade.compiler')
#8 [internal function]: Illuminate\\View\\ViewServiceProvider->Illuminate\\View\\{closure}()
#9 /Users/mathieu/Documents/GitHub/Projet-QCM/api/vendor/laravel/framework/src/Illuminate/View/Engines/EngineResolver.php(55): call_user_func(Object(Closure))
#10 /Users/mathieu/Documents/GitHub/Projet-QCM/api/vendor/laravel/framework/src/Illuminate/View/Factory.php(310): Illuminate\\View\\Engines\\EngineResolver->resolve('blade')
#11 /Users/mathieu/Documents/GitHub/Projet-QCM/api/vendor/laravel/framework/src/Illuminate/View/Factory.php(274): Illuminate\\View\\Factory->getEngineFromPath('/Users/mathieu/...')
#12 /Users/mathieu/Documents/GitHub/Projet-QCM/api/vendor/laravel/framework/src/Illuminate/View/Factory.php(146): Illuminate\\View\\Factory->viewInstance('l5-swagger::ind...', '/Users/mathieu/...', Array)
#13 /Users/mathieu/Documents/GitHub/Projet-QCM/api/vendor/laravel/framework/src/Illuminate/Foundation/helpers.php(1019): Illuminate\\View\\Factory->make('l5-swagger::ind...', Array, Array)
#14 /Users/mathieu/Documents/GitHub/Projet-QCM/api/vendor/darkaonline/l5-swagger/src/Http/Controllers/SwaggerController.php(127): view('l5-swagger::ind...', Array)
#15 /Users/mathieu/Documents/GitHub/Projet-QCM/api/vendor/laravel/framework/src/Illuminate/Routing/Controller.php(54): L5Swagger\\Http\\Controllers\\SwaggerController->api(Object(Illuminate\\Http\\Request))
#16 /Users/mathieu/Documents/GitHub/Projet-QCM/api/vendor/laravel/framework/src/Illuminate/Routing/ControllerDispatcher.php(43): Illuminate\\Routing\\Controller->callAction('api', Array)
#17 /Users/mathieu/Documents/GitHub/Projet-QCM/api/vendor/laravel/framework/src/Illuminate/Routing/Route.php(259): Illuminate\\Routing\\ControllerDispatcher->dispatch(Object(Illuminate\\Routing\\Route), Object(L5Swagger\\Http\\Controllers\\SwaggerController), 'api')
#18 /Users/mathieu/Documents/GitHub/Projet-QCM/api/vendor/laravel/framework/src/Illuminate/Routing/Route.php(205): Illuminate\\Routing\\Route->runController()
#19 /Users/mathieu/Documents/GitHub/Projet-QCM/api/vendor/laravel/framework/src/Illuminate/Routing/Router.php(798): Illuminate\\Routing\\Route->run()
#20 /Users/mathieu/Documents/GitHub/Projet-QCM/api/vendor/laravel/framework/src/Illuminate/Pipeline/Pipeline.php(141): Illuminate\\Routing\\Router->Illuminate\\Routing\\{closure}(Object(Illuminate\\Http\\Request))
#21 /Users/mathieu/Documents/GitHub/Projet-QCM/api/vendor/darkaonline/l5-swagger/src/Http/Middleware/Config.php(44): Illuminate\\Pipeline\\Pipeline->Illuminate\\Pipeline\\{closure}(Object(Illuminate\\Http\\Request))
#22 /Users/mathieu/Documents/GitHub/Projet-QCM/api/vendor/laravel/framework/src/Illuminate/Pipeline/Pipeline.php(180): L5Swagger\\Http\\Middleware\\Config->handle(Object(Illuminate\\Http\\Request), Object(Closure))
#23 /Users/mathieu/Documents/GitHub/Projet-QCM/api/vendor/laravel/framework/src/Illuminate/Pipeline/Pipeline.php(116): Illuminate\\Pipeline\\Pipeline->Illuminate\\Pipeline\\{closure}(Object(Illuminate\\Http\\Request))
#24 /Users/mathieu/Documents/GitHub/Projet-QCM/api/vendor/laravel/framework/src/Illuminate/Routing/Router.php(797): Illuminate\\Pipeline\\Pipeline->then(Object(Closure))
#25 /Users/mathieu/Documents/GitHub/Projet-QCM/api/vendor/laravel/framework/src/Illuminate/Routing/Router.php(776): Illuminate\\Routing\\Router->runRouteWithinStack(Object(Illuminate\\Routing\\Route), Object(Illuminate\\Http\\Request))
#26 /Users/mathieu/Documents/GitHub/Projet-QCM/api/vendor/laravel/framework/src/Illuminate/Routing/Router.php(740): Illuminate\\Routing\\Router->runRoute(Object(Illuminate\\Http\\Request), Object(Illuminate\\Routing\\Route))
#27 /Users/mathieu/Documents/GitHub/Projet-QCM/api/vendor/laravel/framework/src/Illuminate/Routing/Router.php(729): Illuminate\\Routing\\Router->dispatchToRoute(Object(Illuminate\\Http\\Request))
#28 /Users/mathieu/Documents/GitHub/Projet-QCM/api/vendor/laravel/framework/src/Illuminate/Foundation/Http/Kernel.php(200): Illuminate\\Routing\\Router->dispatch(Object(Illuminate\\Http\\Request))
#29 /Users/mathieu/Documents/GitHub/Projet-QCM/api/vendor/laravel/framework/src/Illuminate/Pipeline/Pipeline.php(141): Illuminate\\Foundation\\Http\\Kernel->Illuminate\\Foundation\\Http\\{closure}(Object(Illuminate\\Http\\Request))
#30 /Users/mathieu/Documents/GitHub/Projet-QCM/api/vendor/laravel/framework/src/Illuminate/Foundation/Http/Middleware/TransformsRequest.php(21): Illuminate\\Pipeline\\Pipeline->Illuminate\\Pipeline\\{closure}(Object(Illuminate\\Http\\Request))
#31 /Users/mathieu/Documents/GitHub/Projet-QCM/api/vendor/laravel/framework/src/Illuminate/Foundation/Http/Middleware/ConvertEmptyStringsToNull.php(31): Illuminate\\Foundation\\Http\\Middleware\\TransformsRequest->handle(Object(Illuminate\\Http\\Request), Object(Closure))
#32 /Users/mathieu/Documents/GitHub/Projet-QCM/api/vendor/laravel/framework/src/Illuminate/Pipeline/Pipeline.php(180): Illuminate\\Foundation\\Http\\Middleware\\ConvertEmptyStringsToNull->handle(Object(Illuminate\\Http\\Request), Object(Closure))
#33 /Users/mathieu/Documents/GitHub/Projet-QCM/api/vendor/laravel/framework/src/Illuminate/Foundation/Http/Middleware/TransformsRequest.php(21): Illuminate\\Pipeline\\Pipeline->Illuminate\\Pipeline\\{closure}(Object(Illuminate\\Http\\Request))
#34 /Users/mathieu/Documents/GitHub/Projet-QCM/api/vendor/laravel/framework/src/Illuminate/Foundation/Http/Middleware/TrimStrings.php(40): Illuminate\\Foundation\\Http\\Middleware\\TransformsRequest->handle(Object(Illuminate\\Http\\Request), Object(Closure))
#35 /Users/mathieu/Documents/GitHub/Projet-QCM/api/vendor/laravel/framework/src/Illuminate/Pipeline/Pipeline.php(180): Illuminate\\Foundation\\Http\\Middleware\\TrimStrings->handle(Object(Illuminate\\Http\\Request), Object(Closure))
#36 /Users/mathieu/Documents/GitHub/Projet-QCM/api/vendor/laravel/framework/src/Illuminate/Foundation/Http/Middleware/ValidatePostSize.php(27): Illuminate\\Pipeline\\Pipeline->Illuminate\\Pipeline\\{closure}(Object(Illuminate\\Http\\Request))
#37 /Users/mathieu/Documents/GitHub/Projet-QCM/api/vendor/laravel/framework/src/Illuminate/Pipeline/Pipeline.php(180): Illuminate\\Foundation\\Http\\Middleware\\ValidatePostSize->handle(Object(Illuminate\\Http\\Request), Object(Closure))
#38 /Users/mathieu/Documents/GitHub/Projet-QCM/api/vendor/laravel/framework/src/Illuminate/Foundation/Http/Middleware/PreventRequestsDuringMaintenance.php(86): Illuminate\\Pipeline\\Pipeline->Illuminate\\Pipeline\\{closure}(Object(Illuminate\\Http\\Request))
#39 /Users/mathieu/Documents/GitHub/Projet-QCM/api/vendor/laravel/framework/src/Illuminate/Pipeline/Pipeline.php(180): Illuminate\\Foundation\\Http\\Middleware\\PreventRequestsDuringMaintenance->handle(Object(Illuminate\\Http\\Request), Object(Closure))
#40 /Users/mathieu/Documents/GitHub/Projet-QCM/api/vendor/laravel/framework/src/Illuminate/Http/Middleware/HandleCors.php(62): Illuminate\\Pipeline\\Pipeline->Illuminate\\Pipeline\\{closure}(Object(Illuminate\\Http\\Request))
#41 /Users/mathieu/Documents/GitHub/Projet-QCM/api/vendor/laravel/framework/src/Illuminate/Pipeline/Pipeline.php(180): Illuminate\\Http\\Middleware\\HandleCors->handle(Object(Illuminate\\Http\\Request), Object(Closure))
#42 /Users/mathieu/Documents/GitHub/Projet-QCM/api/vendor/laravel/framework/src/Illuminate/Http/Middleware/TrustProxies.php(39): Illuminate\\Pipeline\\Pipeline->Illuminate\\Pipeline\\{closure}(Object(Illuminate\\Http\\Request))
#43 /Users/mathieu/Documents/GitHub/Projet-QCM/api/vendor/laravel/framework/src/Illuminate/Pipeline/Pipeline.php(180): Illuminate\\Http\\Middleware\\TrustProxies->handle(Object(Illuminate\\Http\\Request), Object(Closure))
#44 /Users/mathieu/Documents/GitHub/Projet-QCM/api/vendor/laravel/framework/src/Illuminate/Pipeline/Pipeline.php(116): Illuminate\\Pipeline\\Pipeline->Illuminate\\Pipeline\\{closure}(Object(Illuminate\\Http\\Request))
#45 /Users/mathieu/Documents/GitHub/Projet-QCM/api/vendor/laravel/framework/src/Illuminate/Foundation/Http/Kernel.php(175): Illuminate\\Pipeline\\Pipeline->then(Object(Closure))
#46 /Users/mathieu/Documents/GitHub/Projet-QCM/api/vendor/laravel/framework/src/Illuminate/Foundation/Http/Kernel.php(144): Illuminate\\Foundation\\Http\\Kernel->sendRequestThroughRouter(Object(Illuminate\\Http\\Request))
#47 /Users/mathieu/Documents/GitHub/Projet-QCM/api/public/index.php(51): Illuminate\\Foundation\\Http\\Kernel->handle(Object(Illuminate\\Http\\Request))
#48 {main}
"} 
[2023-05-22 10:05:50] local.ERROR: Please provide a valid cache path. {"exception":"[object] (InvalidArgumentException(code: 0): Please provide a valid cache path. at /Users/mathieu/Documents/GitHub/Projet-QCM/api/vendor/laravel/framework/src/Illuminate/View/Compilers/Compiler.php:66)
[stacktrace]
#0 /Users/mathieu/Documents/GitHub/Projet-QCM/api/vendor/laravel/framework/src/Illuminate/View/ViewServiceProvider.php(96): Illuminate\\View\\Compilers\\Compiler->__construct(Object(Illuminate\\Filesystem\\Filesystem), false, '', true, 'php')
#1 /Users/mathieu/Documents/GitHub/Projet-QCM/api/vendor/laravel/framework/src/Illuminate/Container/Container.php(910): Illuminate\\View\\ViewServiceProvider->Illuminate\\View\\{closure}(Object(Illuminate\\Foundation\\Application), Array)
#2 /Users/mathieu/Documents/GitHub/Projet-QCM/api/vendor/laravel/framework/src/Illuminate/Container/Container.php(795): Illuminate\\Container\\Container->build(Object(Closure))
#3 /Users/mathieu/Documents/GitHub/Projet-QCM/api/vendor/laravel/framework/src/Illuminate/Foundation/Application.php(933): Illuminate\\Container\\Container->resolve('blade.compiler', Array, true)
#4 /Users/mathieu/Documents/GitHub/Projet-QCM/api/vendor/laravel/framework/src/Illuminate/Container/Container.php(731): Illuminate\\Foundation\\Application->resolve('blade.compiler', Array)
#5 /Users/mathieu/Documents/GitHub/Projet-QCM/api/vendor/laravel/framework/src/Illuminate/Foundation/Application.php(918): Illuminate\\Container\\Container->make('blade.compiler', Array)
#6 /Users/mathieu/Documents/GitHub/Projet-QCM/api/vendor/laravel/framework/src/Illuminate/Container/Container.php(1456): Illuminate\\Foundation\\Application->make('blade.compiler')
#7 /Users/mathieu/Documents/GitHub/Projet-QCM/api/vendor/laravel/framework/src/Illuminate/View/ViewServiceProvider.php(164): Illuminate\\Container\\Container->offsetGet('blade.compiler')
#8 [internal function]: Illuminate\\View\\ViewServiceProvider->Illuminate\\View\\{closure}()
#9 /Users/mathieu/Documents/GitHub/Projet-QCM/api/vendor/laravel/framework/src/Illuminate/View/Engines/EngineResolver.php(55): call_user_func(Object(Closure))
#10 /Users/mathieu/Documents/GitHub/Projet-QCM/api/vendor/laravel/framework/src/Illuminate/View/Factory.php(310): Illuminate\\View\\Engines\\EngineResolver->resolve('blade')
#11 /Users/mathieu/Documents/GitHub/Projet-QCM/api/vendor/laravel/framework/src/Illuminate/View/Factory.php(274): Illuminate\\View\\Factory->getEngineFromPath('/Users/mathieu/...')
#12 /Users/mathieu/Documents/GitHub/Projet-QCM/api/vendor/laravel/framework/src/Illuminate/View/Factory.php(146): Illuminate\\View\\Factory->viewInstance('l5-swagger::ind...', '/Users/mathieu/...', Array)
#13 /Users/mathieu/Documents/GitHub/Projet-QCM/api/vendor/laravel/framework/src/Illuminate/Foundation/helpers.php(1019): Illuminate\\View\\Factory->make('l5-swagger::ind...', Array, Array)
#14 /Users/mathieu/Documents/GitHub/Projet-QCM/api/vendor/darkaonline/l5-swagger/src/Http/Controllers/SwaggerController.php(127): view('l5-swagger::ind...', Array)
#15 /Users/mathieu/Documents/GitHub/Projet-QCM/api/vendor/laravel/framework/src/Illuminate/Routing/Controller.php(54): L5Swagger\\Http\\Controllers\\SwaggerController->api(Object(Illuminate\\Http\\Request))
#16 /Users/mathieu/Documents/GitHub/Projet-QCM/api/vendor/laravel/framework/src/Illuminate/Routing/ControllerDispatcher.php(43): Illuminate\\Routing\\Controller->callAction('api', Array)
#17 /Users/mathieu/Documents/GitHub/Projet-QCM/api/vendor/laravel/framework/src/Illuminate/Routing/Route.php(259): Illuminate\\Routing\\ControllerDispatcher->dispatch(Object(Illuminate\\Routing\\Route), Object(L5Swagger\\Http\\Controllers\\SwaggerController), 'api')
#18 /Users/mathieu/Documents/GitHub/Projet-QCM/api/vendor/laravel/framework/src/Illuminate/Routing/Route.php(205): Illuminate\\Routing\\Route->runController()
#19 /Users/mathieu/Documents/GitHub/Projet-QCM/api/vendor/laravel/framework/src/Illuminate/Routing/Router.php(798): Illuminate\\Routing\\Route->run()
#20 /Users/mathieu/Documents/GitHub/Projet-QCM/api/vendor/laravel/framework/src/Illuminate/Pipeline/Pipeline.php(141): Illuminate\\Routing\\Router->Illuminate\\Routing\\{closure}(Object(Illuminate\\Http\\Request))
#21 /Users/mathieu/Documents/GitHub/Projet-QCM/api/vendor/darkaonline/l5-swagger/src/Http/Middleware/Config.php(44): Illuminate\\Pipeline\\Pipeline->Illuminate\\Pipeline\\{closure}(Object(Illuminate\\Http\\Request))
#22 /Users/mathieu/Documents/GitHub/Projet-QCM/api/vendor/laravel/framework/src/Illuminate/Pipeline/Pipeline.php(180): L5Swagger\\Http\\Middleware\\Config->handle(Object(Illuminate\\Http\\Request), Object(Closure))
#23 /Users/mathieu/Documents/GitHub/Projet-QCM/api/vendor/laravel/framework/src/Illuminate/Pipeline/Pipeline.php(116): Illuminate\\Pipeline\\Pipeline->Illuminate\\Pipeline\\{closure}(Object(Illuminate\\Http\\Request))
#24 /Users/mathieu/Documents/GitHub/Projet-QCM/api/vendor/laravel/framework/src/Illuminate/Routing/Router.php(797): Illuminate\\Pipeline\\Pipeline->then(Object(Closure))
#25 /Users/mathieu/Documents/GitHub/Projet-QCM/api/vendor/laravel/framework/src/Illuminate/Routing/Router.php(776): Illuminate\\Routing\\Router->runRouteWithinStack(Object(Illuminate\\Routing\\Route), Object(Illuminate\\Http\\Request))
#26 /Users/mathieu/Documents/GitHub/Projet-QCM/api/vendor/laravel/framework/src/Illuminate/Routing/Router.php(740): Illuminate\\Routing\\Router->runRoute(Object(Illuminate\\Http\\Request), Object(Illuminate\\Routing\\Route))
#27 /Users/mathieu/Documents/GitHub/Projet-QCM/api/vendor/laravel/framework/src/Illuminate/Routing/Router.php(729): Illuminate\\Routing\\Router->dispatchToRoute(Object(Illuminate\\Http\\Request))
#28 /Users/mathieu/Documents/GitHub/Projet-QCM/api/vendor/laravel/framework/src/Illuminate/Foundation/Http/Kernel.php(200): Illuminate\\Routing\\Router->dispatch(Object(Illuminate\\Http\\Request))
#29 /Users/mathieu/Documents/GitHub/Projet-QCM/api/vendor/laravel/framework/src/Illuminate/Pipeline/Pipeline.php(141): Illuminate\\Foundation\\Http\\Kernel->Illuminate\\Foundation\\Http\\{closure}(Object(Illuminate\\Http\\Request))
#30 /Users/mathieu/Documents/GitHub/Projet-QCM/api/vendor/laravel/framework/src/Illuminate/Foundation/Http/Middleware/TransformsRequest.php(21): Illuminate\\Pipeline\\Pipeline->Illuminate\\Pipeline\\{closure}(Object(Illuminate\\Http\\Request))
#31 /Users/mathieu/Documents/GitHub/Projet-QCM/api/vendor/laravel/framework/src/Illuminate/Foundation/Http/Middleware/ConvertEmptyStringsToNull.php(31): Illuminate\\Foundation\\Http\\Middleware\\TransformsRequest->handle(Object(Illuminate\\Http\\Request), Object(Closure))
#32 /Users/mathieu/Documents/GitHub/Projet-QCM/api/vendor/laravel/framework/src/Illuminate/Pipeline/Pipeline.php(180): Illuminate\\Foundation\\Http\\Middleware\\ConvertEmptyStringsToNull->handle(Object(Illuminate\\Http\\Request), Object(Closure))
#33 /Users/mathieu/Documents/GitHub/Projet-QCM/api/vendor/laravel/framework/src/Illuminate/Foundation/Http/Middleware/TransformsRequest.php(21): Illuminate\\Pipeline\\Pipeline->Illuminate\\Pipeline\\{closure}(Object(Illuminate\\Http\\Request))
#34 /Users/mathieu/Documents/GitHub/Projet-QCM/api/vendor/laravel/framework/src/Illuminate/Foundation/Http/Middleware/TrimStrings.php(40): Illuminate\\Foundation\\Http\\Middleware\\TransformsRequest->handle(Object(Illuminate\\Http\\Request), Object(Closure))
#35 /Users/mathieu/Documents/GitHub/Projet-QCM/api/vendor/laravel/framework/src/Illuminate/Pipeline/Pipeline.php(180): Illuminate\\Foundation\\Http\\Middleware\\TrimStrings->handle(Object(Illuminate\\Http\\Request), Object(Closure))
#36 /Users/mathieu/Documents/GitHub/Projet-QCM/api/vendor/laravel/framework/src/Illuminate/Foundation/Http/Middleware/ValidatePostSize.php(27): Illuminate\\Pipeline\\Pipeline->Illuminate\\Pipeline\\{closure}(Object(Illuminate\\Http\\Request))
#37 /Users/mathieu/Documents/GitHub/Projet-QCM/api/vendor/laravel/framework/src/Illuminate/Pipeline/Pipeline.php(180): Illuminate\\Foundation\\Http\\Middleware\\ValidatePostSize->handle(Object(Illuminate\\Http\\Request), Object(Closure))
#38 /Users/mathieu/Documents/GitHub/Projet-QCM/api/vendor/laravel/framework/src/Illuminate/Foundation/Http/Middleware/PreventRequestsDuringMaintenance.php(86): Illuminate\\Pipeline\\Pipeline->Illuminate\\Pipeline\\{closure}(Object(Illuminate\\Http\\Request))
#39 /Users/mathieu/Documents/GitHub/Projet-QCM/api/vendor/laravel/framework/src/Illuminate/Pipeline/Pipeline.php(180): Illuminate\\Foundation\\Http\\Middleware\\PreventRequestsDuringMaintenance->handle(Object(Illuminate\\Http\\Request), Object(Closure))
#40 /Users/mathieu/Documents/GitHub/Projet-QCM/api/vendor/laravel/framework/src/Illuminate/Http/Middleware/HandleCors.php(62): Illuminate\\Pipeline\\Pipeline->Illuminate\\Pipeline\\{closure}(Object(Illuminate\\Http\\Request))
#41 /Users/mathieu/Documents/GitHub/Projet-QCM/api/vendor/laravel/framework/src/Illuminate/Pipeline/Pipeline.php(180): Illuminate\\Http\\Middleware\\HandleCors->handle(Object(Illuminate\\Http\\Request), Object(Closure))
#42 /Users/mathieu/Documents/GitHub/Projet-QCM/api/vendor/laravel/framework/src/Illuminate/Http/Middleware/TrustProxies.php(39): Illuminate\\Pipeline\\Pipeline->Illuminate\\Pipeline\\{closure}(Object(Illuminate\\Http\\Request))
#43 /Users/mathieu/Documents/GitHub/Projet-QCM/api/vendor/laravel/framework/src/Illuminate/Pipeline/Pipeline.php(180): Illuminate\\Http\\Middleware\\TrustProxies->handle(Object(Illuminate\\Http\\Request), Object(Closure))
#44 /Users/mathieu/Documents/GitHub/Projet-QCM/api/vendor/laravel/framework/src/Illuminate/Pipeline/Pipeline.php(116): Illuminate\\Pipeline\\Pipeline->Illuminate\\Pipeline\\{closure}(Object(Illuminate\\Http\\Request))
#45 /Users/mathieu/Documents/GitHub/Projet-QCM/api/vendor/laravel/framework/src/Illuminate/Foundation/Http/Kernel.php(175): Illuminate\\Pipeline\\Pipeline->then(Object(Closure))
#46 /Users/mathieu/Documents/GitHub/Projet-QCM/api/vendor/laravel/framework/src/Illuminate/Foundation/Http/Kernel.php(144): Illuminate\\Foundation\\Http\\Kernel->sendRequestThroughRouter(Object(Illuminate\\Http\\Request))
#47 /Users/mathieu/Documents/GitHub/Projet-QCM/api/public/index.php(51): Illuminate\\Foundation\\Http\\Kernel->handle(Object(Illuminate\\Http\\Request))
#48 {main}
"} 
[2023-05-22 10:07:42] local.ERROR: Please provide a valid cache path. {"exception":"[object] (InvalidArgumentException(code: 0): Please provide a valid cache path. at /Users/mathieu/Documents/GitHub/Projet-QCM/api/vendor/laravel/framework/src/Illuminate/View/Compilers/Compiler.php:66)
[stacktrace]
#0 /Users/mathieu/Documents/GitHub/Projet-QCM/api/vendor/laravel/framework/src/Illuminate/View/ViewServiceProvider.php(96): Illuminate\\View\\Compilers\\Compiler->__construct(Object(Illuminate\\Filesystem\\Filesystem), false, '', true, 'php')
#1 /Users/mathieu/Documents/GitHub/Projet-QCM/api/vendor/laravel/framework/src/Illuminate/Container/Container.php(910): Illuminate\\View\\ViewServiceProvider->Illuminate\\View\\{closure}(Object(Illuminate\\Foundation\\Application), Array)
#2 /Users/mathieu/Documents/GitHub/Projet-QCM/api/vendor/laravel/framework/src/Illuminate/Container/Container.php(795): Illuminate\\Container\\Container->build(Object(Closure))
#3 /Users/mathieu/Documents/GitHub/Projet-QCM/api/vendor/laravel/framework/src/Illuminate/Foundation/Application.php(933): Illuminate\\Container\\Container->resolve('blade.compiler', Array, true)
#4 /Users/mathieu/Documents/GitHub/Projet-QCM/api/vendor/laravel/framework/src/Illuminate/Container/Container.php(731): Illuminate\\Foundation\\Application->resolve('blade.compiler', Array)
#5 /Users/mathieu/Documents/GitHub/Projet-QCM/api/vendor/laravel/framework/src/Illuminate/Foundation/Application.php(918): Illuminate\\Container\\Container->make('blade.compiler', Array)
#6 /Users/mathieu/Documents/GitHub/Projet-QCM/api/vendor/laravel/framework/src/Illuminate/Container/Container.php(1456): Illuminate\\Foundation\\Application->make('blade.compiler')
#7 /Users/mathieu/Documents/GitHub/Projet-QCM/api/vendor/laravel/framework/src/Illuminate/View/ViewServiceProvider.php(164): Illuminate\\Container\\Container->offsetGet('blade.compiler')
#8 [internal function]: Illuminate\\View\\ViewServiceProvider->Illuminate\\View\\{closure}()
#9 /Users/mathieu/Documents/GitHub/Projet-QCM/api/vendor/laravel/framework/src/Illuminate/View/Engines/EngineResolver.php(55): call_user_func(Object(Closure))
#10 /Users/mathieu/Documents/GitHub/Projet-QCM/api/vendor/laravel/framework/src/Illuminate/View/Factory.php(310): Illuminate\\View\\Engines\\EngineResolver->resolve('blade')
#11 /Users/mathieu/Documents/GitHub/Projet-QCM/api/vendor/laravel/framework/src/Illuminate/View/Factory.php(274): Illuminate\\View\\Factory->getEngineFromPath('/Users/mathieu/...')
#12 /Users/mathieu/Documents/GitHub/Projet-QCM/api/vendor/laravel/framework/src/Illuminate/View/Factory.php(146): Illuminate\\View\\Factory->viewInstance('l5-swagger::ind...', '/Users/mathieu/...', Array)
#13 /Users/mathieu/Documents/GitHub/Projet-QCM/api/vendor/laravel/framework/src/Illuminate/Foundation/helpers.php(1019): Illuminate\\View\\Factory->make('l5-swagger::ind...', Array, Array)
#14 /Users/mathieu/Documents/GitHub/Projet-QCM/api/vendor/darkaonline/l5-swagger/src/Http/Controllers/SwaggerController.php(127): view('l5-swagger::ind...', Array)
#15 /Users/mathieu/Documents/GitHub/Projet-QCM/api/vendor/laravel/framework/src/Illuminate/Routing/Controller.php(54): L5Swagger\\Http\\Controllers\\SwaggerController->api(Object(Illuminate\\Http\\Request))
#16 /Users/mathieu/Documents/GitHub/Projet-QCM/api/vendor/laravel/framework/src/Illuminate/Routing/ControllerDispatcher.php(43): Illuminate\\Routing\\Controller->callAction('api', Array)
#17 /Users/mathieu/Documents/GitHub/Projet-QCM/api/vendor/laravel/framework/src/Illuminate/Routing/Route.php(259): Illuminate\\Routing\\ControllerDispatcher->dispatch(Object(Illuminate\\Routing\\Route), Object(L5Swagger\\Http\\Controllers\\SwaggerController), 'api')
#18 /Users/mathieu/Documents/GitHub/Projet-QCM/api/vendor/laravel/framework/src/Illuminate/Routing/Route.php(205): Illuminate\\Routing\\Route->runController()
#19 /Users/mathieu/Documents/GitHub/Projet-QCM/api/vendor/laravel/framework/src/Illuminate/Routing/Router.php(798): Illuminate\\Routing\\Route->run()
#20 /Users/mathieu/Documents/GitHub/Projet-QCM/api/vendor/laravel/framework/src/Illuminate/Pipeline/Pipeline.php(141): Illuminate\\Routing\\Router->Illuminate\\Routing\\{closure}(Object(Illuminate\\Http\\Request))
#21 /Users/mathieu/Documents/GitHub/Projet-QCM/api/vendor/darkaonline/l5-swagger/src/Http/Middleware/Config.php(44): Illuminate\\Pipeline\\Pipeline->Illuminate\\Pipeline\\{closure}(Object(Illuminate\\Http\\Request))
#22 /Users/mathieu/Documents/GitHub/Projet-QCM/api/vendor/laravel/framework/src/Illuminate/Pipeline/Pipeline.php(180): L5Swagger\\Http\\Middleware\\Config->handle(Object(Illuminate\\Http\\Request), Object(Closure))
#23 /Users/mathieu/Documents/GitHub/Projet-QCM/api/vendor/laravel/framework/src/Illuminate/Pipeline/Pipeline.php(116): Illuminate\\Pipeline\\Pipeline->Illuminate\\Pipeline\\{closure}(Object(Illuminate\\Http\\Request))
#24 /Users/mathieu/Documents/GitHub/Projet-QCM/api/vendor/laravel/framework/src/Illuminate/Routing/Router.php(797): Illuminate\\Pipeline\\Pipeline->then(Object(Closure))
#25 /Users/mathieu/Documents/GitHub/Projet-QCM/api/vendor/laravel/framework/src/Illuminate/Routing/Router.php(776): Illuminate\\Routing\\Router->runRouteWithinStack(Object(Illuminate\\Routing\\Route), Object(Illuminate\\Http\\Request))
#26 /Users/mathieu/Documents/GitHub/Projet-QCM/api/vendor/laravel/framework/src/Illuminate/Routing/Router.php(740): Illuminate\\Routing\\Router->runRoute(Object(Illuminate\\Http\\Request), Object(Illuminate\\Routing\\Route))
#27 /Users/mathieu/Documents/GitHub/Projet-QCM/api/vendor/laravel/framework/src/Illuminate/Routing/Router.php(729): Illuminate\\Routing\\Router->dispatchToRoute(Object(Illuminate\\Http\\Request))
#28 /Users/mathieu/Documents/GitHub/Projet-QCM/api/vendor/laravel/framework/src/Illuminate/Foundation/Http/Kernel.php(200): Illuminate\\Routing\\Router->dispatch(Object(Illuminate\\Http\\Request))
#29 /Users/mathieu/Documents/GitHub/Projet-QCM/api/vendor/laravel/framework/src/Illuminate/Pipeline/Pipeline.php(141): Illuminate\\Foundation\\Http\\Kernel->Illuminate\\Foundation\\Http\\{closure}(Object(Illuminate\\Http\\Request))
#30 /Users/mathieu/Documents/GitHub/Projet-QCM/api/vendor/laravel/framework/src/Illuminate/Foundation/Http/Middleware/TransformsRequest.php(21): Illuminate\\Pipeline\\Pipeline->Illuminate\\Pipeline\\{closure}(Object(Illuminate\\Http\\Request))
#31 /Users/mathieu/Documents/GitHub/Projet-QCM/api/vendor/laravel/framework/src/Illuminate/Foundation/Http/Middleware/ConvertEmptyStringsToNull.php(31): Illuminate\\Foundation\\Http\\Middleware\\TransformsRequest->handle(Object(Illuminate\\Http\\Request), Object(Closure))
#32 /Users/mathieu/Documents/GitHub/Projet-QCM/api/vendor/laravel/framework/src/Illuminate/Pipeline/Pipeline.php(180): Illuminate\\Foundation\\Http\\Middleware\\ConvertEmptyStringsToNull->handle(Object(Illuminate\\Http\\Request), Object(Closure))
#33 /Users/mathieu/Documents/GitHub/Projet-QCM/api/vendor/laravel/framework/src/Illuminate/Foundation/Http/Middleware/TransformsRequest.php(21): Illuminate\\Pipeline\\Pipeline->Illuminate\\Pipeline\\{closure}(Object(Illuminate\\Http\\Request))
#34 /Users/mathieu/Documents/GitHub/Projet-QCM/api/vendor/laravel/framework/src/Illuminate/Foundation/Http/Middleware/TrimStrings.php(40): Illuminate\\Foundation\\Http\\Middleware\\TransformsRequest->handle(Object(Illuminate\\Http\\Request), Object(Closure))
#35 /Users/mathieu/Documents/GitHub/Projet-QCM/api/vendor/laravel/framework/src/Illuminate/Pipeline/Pipeline.php(180): Illuminate\\Foundation\\Http\\Middleware\\TrimStrings->handle(Object(Illuminate\\Http\\Request), Object(Closure))
#36 /Users/mathieu/Documents/GitHub/Projet-QCM/api/vendor/laravel/framework/src/Illuminate/Foundation/Http/Middleware/ValidatePostSize.php(27): Illuminate\\Pipeline\\Pipeline->Illuminate\\Pipeline\\{closure}(Object(Illuminate\\Http\\Request))
#37 /Users/mathieu/Documents/GitHub/Projet-QCM/api/vendor/laravel/framework/src/Illuminate/Pipeline/Pipeline.php(180): Illuminate\\Foundation\\Http\\Middleware\\ValidatePostSize->handle(Object(Illuminate\\Http\\Request), Object(Closure))
#38 /Users/mathieu/Documents/GitHub/Projet-QCM/api/vendor/laravel/framework/src/Illuminate/Foundation/Http/Middleware/PreventRequestsDuringMaintenance.php(86): Illuminate\\Pipeline\\Pipeline->Illuminate\\Pipeline\\{closure}(Object(Illuminate\\Http\\Request))
#39 /Users/mathieu/Documents/GitHub/Projet-QCM/api/vendor/laravel/framework/src/Illuminate/Pipeline/Pipeline.php(180): Illuminate\\Foundation\\Http\\Middleware\\PreventRequestsDuringMaintenance->handle(Object(Illuminate\\Http\\Request), Object(Closure))
#40 /Users/mathieu/Documents/GitHub/Projet-QCM/api/vendor/laravel/framework/src/Illuminate/Http/Middleware/HandleCors.php(62): Illuminate\\Pipeline\\Pipeline->Illuminate\\Pipeline\\{closure}(Object(Illuminate\\Http\\Request))
#41 /Users/mathieu/Documents/GitHub/Projet-QCM/api/vendor/laravel/framework/src/Illuminate/Pipeline/Pipeline.php(180): Illuminate\\Http\\Middleware\\HandleCors->handle(Object(Illuminate\\Http\\Request), Object(Closure))
#42 /Users/mathieu/Documents/GitHub/Projet-QCM/api/vendor/laravel/framework/src/Illuminate/Http/Middleware/TrustProxies.php(39): Illuminate\\Pipeline\\Pipeline->Illuminate\\Pipeline\\{closure}(Object(Illuminate\\Http\\Request))
#43 /Users/mathieu/Documents/GitHub/Projet-QCM/api/vendor/laravel/framework/src/Illuminate/Pipeline/Pipeline.php(180): Illuminate\\Http\\Middleware\\TrustProxies->handle(Object(Illuminate\\Http\\Request), Object(Closure))
#44 /Users/mathieu/Documents/GitHub/Projet-QCM/api/vendor/laravel/framework/src/Illuminate/Pipeline/Pipeline.php(116): Illuminate\\Pipeline\\Pipeline->Illuminate\\Pipeline\\{closure}(Object(Illuminate\\Http\\Request))
#45 /Users/mathieu/Documents/GitHub/Projet-QCM/api/vendor/laravel/framework/src/Illuminate/Foundation/Http/Kernel.php(175): Illuminate\\Pipeline\\Pipeline->then(Object(Closure))
#46 /Users/mathieu/Documents/GitHub/Projet-QCM/api/vendor/laravel/framework/src/Illuminate/Foundation/Http/Kernel.php(144): Illuminate\\Foundation\\Http\\Kernel->sendRequestThroughRouter(Object(Illuminate\\Http\\Request))
#47 /Users/mathieu/Documents/GitHub/Projet-QCM/api/public/index.php(51): Illuminate\\Foundation\\Http\\Kernel->handle(Object(Illuminate\\Http\\Request))
#48 {main}
"} 
[2023-05-22 10:08:11] local.ERROR: Please provide a valid cache path. {"exception":"[object] (InvalidArgumentException(code: 0): Please provide a valid cache path. at /Users/mathieu/Documents/GitHub/Projet-QCM/api/vendor/laravel/framework/src/Illuminate/View/Compilers/Compiler.php:66)
[stacktrace]
#0 /Users/mathieu/Documents/GitHub/Projet-QCM/api/vendor/laravel/framework/src/Illuminate/View/ViewServiceProvider.php(96): Illuminate\\View\\Compilers\\Compiler->__construct(Object(Illuminate\\Filesystem\\Filesystem), false, '', true, 'php')
#1 /Users/mathieu/Documents/GitHub/Projet-QCM/api/vendor/laravel/framework/src/Illuminate/Container/Container.php(910): Illuminate\\View\\ViewServiceProvider->Illuminate\\View\\{closure}(Object(Illuminate\\Foundation\\Application), Array)
#2 /Users/mathieu/Documents/GitHub/Projet-QCM/api/vendor/laravel/framework/src/Illuminate/Container/Container.php(795): Illuminate\\Container\\Container->build(Object(Closure))
#3 /Users/mathieu/Documents/GitHub/Projet-QCM/api/vendor/laravel/framework/src/Illuminate/Foundation/Application.php(933): Illuminate\\Container\\Container->resolve('blade.compiler', Array, true)
#4 /Users/mathieu/Documents/GitHub/Projet-QCM/api/vendor/laravel/framework/src/Illuminate/Container/Container.php(731): Illuminate\\Foundation\\Application->resolve('blade.compiler', Array)
#5 /Users/mathieu/Documents/GitHub/Projet-QCM/api/vendor/laravel/framework/src/Illuminate/Foundation/Application.php(918): Illuminate\\Container\\Container->make('blade.compiler', Array)
#6 /Users/mathieu/Documents/GitHub/Projet-QCM/api/vendor/laravel/framework/src/Illuminate/Container/Container.php(1456): Illuminate\\Foundation\\Application->make('blade.compiler')
#7 /Users/mathieu/Documents/GitHub/Projet-QCM/api/vendor/laravel/framework/src/Illuminate/View/ViewServiceProvider.php(164): Illuminate\\Container\\Container->offsetGet('blade.compiler')
#8 [internal function]: Illuminate\\View\\ViewServiceProvider->Illuminate\\View\\{closure}()
#9 /Users/mathieu/Documents/GitHub/Projet-QCM/api/vendor/laravel/framework/src/Illuminate/View/Engines/EngineResolver.php(55): call_user_func(Object(Closure))
#10 /Users/mathieu/Documents/GitHub/Projet-QCM/api/vendor/laravel/framework/src/Illuminate/View/Factory.php(310): Illuminate\\View\\Engines\\EngineResolver->resolve('blade')
#11 /Users/mathieu/Documents/GitHub/Projet-QCM/api/vendor/laravel/framework/src/Illuminate/View/Factory.php(274): Illuminate\\View\\Factory->getEngineFromPath('/Users/mathieu/...')
#12 /Users/mathieu/Documents/GitHub/Projet-QCM/api/vendor/laravel/framework/src/Illuminate/View/Factory.php(146): Illuminate\\View\\Factory->viewInstance('errors::404', '/Users/mathieu/...', Array)
#13 /Users/mathieu/Documents/GitHub/Projet-QCM/api/vendor/laravel/framework/src/Illuminate/Routing/ResponseFactory.php(87): Illuminate\\View\\Factory->make('errors::404', Array)
#14 /Users/mathieu/Documents/GitHub/Projet-QCM/api/vendor/laravel/framework/src/Illuminate/Foundation/Exceptions/Handler.php(643): Illuminate\\Routing\\ResponseFactory->view('errors::404', Array, 404, Array)
#15 /Users/mathieu/Documents/GitHub/Projet-QCM/api/vendor/laravel/framework/src/Illuminate/Foundation/Exceptions/Handler.php(571): Illuminate\\Foundation\\Exceptions\\Handler->renderHttpException(Object(Symfony\\Component\\HttpKernel\\Exception\\NotFoundHttpException))
#16 /Users/mathieu/Documents/GitHub/Projet-QCM/api/vendor/laravel/framework/src/Illuminate/Foundation/Exceptions/Handler.php(477): Illuminate\\Foundation\\Exceptions\\Handler->prepareResponse(Object(Illuminate\\Http\\Request), Object(Symfony\\Component\\HttpKernel\\Exception\\NotFoundHttpException))
#17 /Users/mathieu/Documents/GitHub/Projet-QCM/api/vendor/laravel/framework/src/Illuminate/Foundation/Exceptions/Handler.php(394): Illuminate\\Foundation\\Exceptions\\Handler->renderExceptionResponse(Object(Illuminate\\Http\\Request), Object(Symfony\\Component\\HttpKernel\\Exception\\NotFoundHttpException))
#18 /Users/mathieu/Documents/GitHub/Projet-QCM/api/vendor/laravel/framework/src/Illuminate/Routing/Pipeline.php(51): Illuminate\\Foundation\\Exceptions\\Handler->render(Object(Illuminate\\Http\\Request), Object(Symfony\\Component\\HttpKernel\\Exception\\NotFoundHttpException))
#19 /Users/mathieu/Documents/GitHub/Projet-QCM/api/vendor/laravel/framework/src/Illuminate/Pipeline/Pipeline.php(143): Illuminate\\Routing\\Pipeline->handleException(Object(Illuminate\\Http\\Request), Object(Symfony\\Component\\HttpKernel\\Exception\\NotFoundHttpException))
#20 /Users/mathieu/Documents/GitHub/Projet-QCM/api/vendor/laravel/framework/src/Illuminate/Foundation/Http/Middleware/TransformsRequest.php(21): Illuminate\\Pipeline\\Pipeline->Illuminate\\Pipeline\\{closure}(Object(Illuminate\\Http\\Request))
#21 /Users/mathieu/Documents/GitHub/Projet-QCM/api/vendor/laravel/framework/src/Illuminate/Foundation/Http/Middleware/ConvertEmptyStringsToNull.php(31): Illuminate\\Foundation\\Http\\Middleware\\TransformsRequest->handle(Object(Illuminate\\Http\\Request), Object(Closure))
#22 /Users/mathieu/Documents/GitHub/Projet-QCM/api/vendor/laravel/framework/src/Illuminate/Pipeline/Pipeline.php(180): Illuminate\\Foundation\\Http\\Middleware\\ConvertEmptyStringsToNull->handle(Object(Illuminate\\Http\\Request), Object(Closure))
#23 /Users/mathieu/Documents/GitHub/Projet-QCM/api/vendor/laravel/framework/src/Illuminate/Foundation/Http/Middleware/TransformsRequest.php(21): Illuminate\\Pipeline\\Pipeline->Illuminate\\Pipeline\\{closure}(Object(Illuminate\\Http\\Request))
#24 /Users/mathieu/Documents/GitHub/Projet-QCM/api/vendor/laravel/framework/src/Illuminate/Foundation/Http/Middleware/TrimStrings.php(40): Illuminate\\Foundation\\Http\\Middleware\\TransformsRequest->handle(Object(Illuminate\\Http\\Request), Object(Closure))
#25 /Users/mathieu/Documents/GitHub/Projet-QCM/api/vendor/laravel/framework/src/Illuminate/Pipeline/Pipeline.php(180): Illuminate\\Foundation\\Http\\Middleware\\TrimStrings->handle(Object(Illuminate\\Http\\Request), Object(Closure))
#26 /Users/mathieu/Documents/GitHub/Projet-QCM/api/vendor/laravel/framework/src/Illuminate/Foundation/Http/Middleware/ValidatePostSize.php(27): Illuminate\\Pipeline\\Pipeline->Illuminate\\Pipeline\\{closure}(Object(Illuminate\\Http\\Request))
#27 /Users/mathieu/Documents/GitHub/Projet-QCM/api/vendor/laravel/framework/src/Illuminate/Pipeline/Pipeline.php(180): Illuminate\\Foundation\\Http\\Middleware\\ValidatePostSize->handle(Object(Illuminate\\Http\\Request), Object(Closure))
#28 /Users/mathieu/Documents/GitHub/Projet-QCM/api/vendor/laravel/framework/src/Illuminate/Foundation/Http/Middleware/PreventRequestsDuringMaintenance.php(86): Illuminate\\Pipeline\\Pipeline->Illuminate\\Pipeline\\{closure}(Object(Illuminate\\Http\\Request))
#29 /Users/mathieu/Documents/GitHub/Projet-QCM/api/vendor/laravel/framework/src/Illuminate/Pipeline/Pipeline.php(180): Illuminate\\Foundation\\Http\\Middleware\\PreventRequestsDuringMaintenance->handle(Object(Illuminate\\Http\\Request), Object(Closure))
#30 /Users/mathieu/Documents/GitHub/Projet-QCM/api/vendor/laravel/framework/src/Illuminate/Http/Middleware/HandleCors.php(49): Illuminate\\Pipeline\\Pipeline->Illuminate\\Pipeline\\{closure}(Object(Illuminate\\Http\\Request))
#31 /Users/mathieu/Documents/GitHub/Projet-QCM/api/vendor/laravel/framework/src/Illuminate/Pipeline/Pipeline.php(180): Illuminate\\Http\\Middleware\\HandleCors->handle(Object(Illuminate\\Http\\Request), Object(Closure))
#32 /Users/mathieu/Documents/GitHub/Projet-QCM/api/vendor/laravel/framework/src/Illuminate/Http/Middleware/TrustProxies.php(39): Illuminate\\Pipeline\\Pipeline->Illuminate\\Pipeline\\{closure}(Object(Illuminate\\Http\\Request))
#33 /Users/mathieu/Documents/GitHub/Projet-QCM/api/vendor/laravel/framework/src/Illuminate/Pipeline/Pipeline.php(180): Illuminate\\Http\\Middleware\\TrustProxies->handle(Object(Illuminate\\Http\\Request), Object(Closure))
#34 /Users/mathieu/Documents/GitHub/Projet-QCM/api/vendor/laravel/framework/src/Illuminate/Pipeline/Pipeline.php(116): Illuminate\\Pipeline\\Pipeline->Illuminate\\Pipeline\\{closure}(Object(Illuminate\\Http\\Request))
#35 /Users/mathieu/Documents/GitHub/Projet-QCM/api/vendor/laravel/framework/src/Illuminate/Foundation/Http/Kernel.php(175): Illuminate\\Pipeline\\Pipeline->then(Object(Closure))
#36 /Users/mathieu/Documents/GitHub/Projet-QCM/api/vendor/laravel/framework/src/Illuminate/Foundation/Http/Kernel.php(144): Illuminate\\Foundation\\Http\\Kernel->sendRequestThroughRouter(Object(Illuminate\\Http\\Request))
#37 /Users/mathieu/Documents/GitHub/Projet-QCM/api/public/index.php(51): Illuminate\\Foundation\\Http\\Kernel->handle(Object(Illuminate\\Http\\Request))
#38 {main}
"} 
[2023-05-22 10:08:18] local.ERROR: Please provide a valid cache path. {"exception":"[object] (InvalidArgumentException(code: 0): Please provide a valid cache path. at /Users/mathieu/Documents/GitHub/Projet-QCM/api/vendor/laravel/framework/src/Illuminate/View/Compilers/Compiler.php:66)
[stacktrace]
#0 /Users/mathieu/Documents/GitHub/Projet-QCM/api/vendor/laravel/framework/src/Illuminate/View/ViewServiceProvider.php(96): Illuminate\\View\\Compilers\\Compiler->__construct(Object(Illuminate\\Filesystem\\Filesystem), false, '', true, 'php')
#1 /Users/mathieu/Documents/GitHub/Projet-QCM/api/vendor/laravel/framework/src/Illuminate/Container/Container.php(910): Illuminate\\View\\ViewServiceProvider->Illuminate\\View\\{closure}(Object(Illuminate\\Foundation\\Application), Array)
#2 /Users/mathieu/Documents/GitHub/Projet-QCM/api/vendor/laravel/framework/src/Illuminate/Container/Container.php(795): Illuminate\\Container\\Container->build(Object(Closure))
#3 /Users/mathieu/Documents/GitHub/Projet-QCM/api/vendor/laravel/framework/src/Illuminate/Foundation/Application.php(933): Illuminate\\Container\\Container->resolve('blade.compiler', Array, true)
#4 /Users/mathieu/Documents/GitHub/Projet-QCM/api/vendor/laravel/framework/src/Illuminate/Container/Container.php(731): Illuminate\\Foundation\\Application->resolve('blade.compiler', Array)
#5 /Users/mathieu/Documents/GitHub/Projet-QCM/api/vendor/laravel/framework/src/Illuminate/Foundation/Application.php(918): Illuminate\\Container\\Container->make('blade.compiler', Array)
#6 /Users/mathieu/Documents/GitHub/Projet-QCM/api/vendor/laravel/framework/src/Illuminate/Container/Container.php(1456): Illuminate\\Foundation\\Application->make('blade.compiler')
#7 /Users/mathieu/Documents/GitHub/Projet-QCM/api/vendor/laravel/framework/src/Illuminate/View/ViewServiceProvider.php(164): Illuminate\\Container\\Container->offsetGet('blade.compiler')
#8 [internal function]: Illuminate\\View\\ViewServiceProvider->Illuminate\\View\\{closure}()
#9 /Users/mathieu/Documents/GitHub/Projet-QCM/api/vendor/laravel/framework/src/Illuminate/View/Engines/EngineResolver.php(55): call_user_func(Object(Closure))
#10 /Users/mathieu/Documents/GitHub/Projet-QCM/api/vendor/laravel/framework/src/Illuminate/View/Factory.php(310): Illuminate\\View\\Engines\\EngineResolver->resolve('blade')
#11 /Users/mathieu/Documents/GitHub/Projet-QCM/api/vendor/laravel/framework/src/Illuminate/View/Factory.php(274): Illuminate\\View\\Factory->getEngineFromPath('/Users/mathieu/...')
#12 /Users/mathieu/Documents/GitHub/Projet-QCM/api/vendor/laravel/framework/src/Illuminate/View/Factory.php(146): Illuminate\\View\\Factory->viewInstance('l5-swagger::ind...', '/Users/mathieu/...', Array)
#13 /Users/mathieu/Documents/GitHub/Projet-QCM/api/vendor/laravel/framework/src/Illuminate/Foundation/helpers.php(1019): Illuminate\\View\\Factory->make('l5-swagger::ind...', Array, Array)
#14 /Users/mathieu/Documents/GitHub/Projet-QCM/api/vendor/darkaonline/l5-swagger/src/Http/Controllers/SwaggerController.php(127): view('l5-swagger::ind...', Array)
#15 /Users/mathieu/Documents/GitHub/Projet-QCM/api/vendor/laravel/framework/src/Illuminate/Routing/Controller.php(54): L5Swagger\\Http\\Controllers\\SwaggerController->api(Object(Illuminate\\Http\\Request))
#16 /Users/mathieu/Documents/GitHub/Projet-QCM/api/vendor/laravel/framework/src/Illuminate/Routing/ControllerDispatcher.php(43): Illuminate\\Routing\\Controller->callAction('api', Array)
#17 /Users/mathieu/Documents/GitHub/Projet-QCM/api/vendor/laravel/framework/src/Illuminate/Routing/Route.php(259): Illuminate\\Routing\\ControllerDispatcher->dispatch(Object(Illuminate\\Routing\\Route), Object(L5Swagger\\Http\\Controllers\\SwaggerController), 'api')
#18 /Users/mathieu/Documents/GitHub/Projet-QCM/api/vendor/laravel/framework/src/Illuminate/Routing/Route.php(205): Illuminate\\Routing\\Route->runController()
#19 /Users/mathieu/Documents/GitHub/Projet-QCM/api/vendor/laravel/framework/src/Illuminate/Routing/Router.php(798): Illuminate\\Routing\\Route->run()
#20 /Users/mathieu/Documents/GitHub/Projet-QCM/api/vendor/laravel/framework/src/Illuminate/Pipeline/Pipeline.php(141): Illuminate\\Routing\\Router->Illuminate\\Routing\\{closure}(Object(Illuminate\\Http\\Request))
#21 /Users/mathieu/Documents/GitHub/Projet-QCM/api/vendor/darkaonline/l5-swagger/src/Http/Middleware/Config.php(44): Illuminate\\Pipeline\\Pipeline->Illuminate\\Pipeline\\{closure}(Object(Illuminate\\Http\\Request))
#22 /Users/mathieu/Documents/GitHub/Projet-QCM/api/vendor/laravel/framework/src/Illuminate/Pipeline/Pipeline.php(180): L5Swagger\\Http\\Middleware\\Config->handle(Object(Illuminate\\Http\\Request), Object(Closure))
#23 /Users/mathieu/Documents/GitHub/Projet-QCM/api/vendor/laravel/framework/src/Illuminate/Pipeline/Pipeline.php(116): Illuminate\\Pipeline\\Pipeline->Illuminate\\Pipeline\\{closure}(Object(Illuminate\\Http\\Request))
#24 /Users/mathieu/Documents/GitHub/Projet-QCM/api/vendor/laravel/framework/src/Illuminate/Routing/Router.php(797): Illuminate\\Pipeline\\Pipeline->then(Object(Closure))
#25 /Users/mathieu/Documents/GitHub/Projet-QCM/api/vendor/laravel/framework/src/Illuminate/Routing/Router.php(776): Illuminate\\Routing\\Router->runRouteWithinStack(Object(Illuminate\\Routing\\Route), Object(Illuminate\\Http\\Request))
#26 /Users/mathieu/Documents/GitHub/Projet-QCM/api/vendor/laravel/framework/src/Illuminate/Routing/Router.php(740): Illuminate\\Routing\\Router->runRoute(Object(Illuminate\\Http\\Request), Object(Illuminate\\Routing\\Route))
#27 /Users/mathieu/Documents/GitHub/Projet-QCM/api/vendor/laravel/framework/src/Illuminate/Routing/Router.php(729): Illuminate\\Routing\\Router->dispatchToRoute(Object(Illuminate\\Http\\Request))
#28 /Users/mathieu/Documents/GitHub/Projet-QCM/api/vendor/laravel/framework/src/Illuminate/Foundation/Http/Kernel.php(200): Illuminate\\Routing\\Router->dispatch(Object(Illuminate\\Http\\Request))
#29 /Users/mathieu/Documents/GitHub/Projet-QCM/api/vendor/laravel/framework/src/Illuminate/Pipeline/Pipeline.php(141): Illuminate\\Foundation\\Http\\Kernel->Illuminate\\Foundation\\Http\\{closure}(Object(Illuminate\\Http\\Request))
#30 /Users/mathieu/Documents/GitHub/Projet-QCM/api/vendor/laravel/framework/src/Illuminate/Foundation/Http/Middleware/TransformsRequest.php(21): Illuminate\\Pipeline\\Pipeline->Illuminate\\Pipeline\\{closure}(Object(Illuminate\\Http\\Request))
#31 /Users/mathieu/Documents/GitHub/Projet-QCM/api/vendor/laravel/framework/src/Illuminate/Foundation/Http/Middleware/ConvertEmptyStringsToNull.php(31): Illuminate\\Foundation\\Http\\Middleware\\TransformsRequest->handle(Object(Illuminate\\Http\\Request), Object(Closure))
#32 /Users/mathieu/Documents/GitHub/Projet-QCM/api/vendor/laravel/framework/src/Illuminate/Pipeline/Pipeline.php(180): Illuminate\\Foundation\\Http\\Middleware\\ConvertEmptyStringsToNull->handle(Object(Illuminate\\Http\\Request), Object(Closure))
#33 /Users/mathieu/Documents/GitHub/Projet-QCM/api/vendor/laravel/framework/src/Illuminate/Foundation/Http/Middleware/TransformsRequest.php(21): Illuminate\\Pipeline\\Pipeline->Illuminate\\Pipeline\\{closure}(Object(Illuminate\\Http\\Request))
#34 /Users/mathieu/Documents/GitHub/Projet-QCM/api/vendor/laravel/framework/src/Illuminate/Foundation/Http/Middleware/TrimStrings.php(40): Illuminate\\Foundation\\Http\\Middleware\\TransformsRequest->handle(Object(Illuminate\\Http\\Request), Object(Closure))
#35 /Users/mathieu/Documents/GitHub/Projet-QCM/api/vendor/laravel/framework/src/Illuminate/Pipeline/Pipeline.php(180): Illuminate\\Foundation\\Http\\Middleware\\TrimStrings->handle(Object(Illuminate\\Http\\Request), Object(Closure))
#36 /Users/mathieu/Documents/GitHub/Projet-QCM/api/vendor/laravel/framework/src/Illuminate/Foundation/Http/Middleware/ValidatePostSize.php(27): Illuminate\\Pipeline\\Pipeline->Illuminate\\Pipeline\\{closure}(Object(Illuminate\\Http\\Request))
#37 /Users/mathieu/Documents/GitHub/Projet-QCM/api/vendor/laravel/framework/src/Illuminate/Pipeline/Pipeline.php(180): Illuminate\\Foundation\\Http\\Middleware\\ValidatePostSize->handle(Object(Illuminate\\Http\\Request), Object(Closure))
#38 /Users/mathieu/Documents/GitHub/Projet-QCM/api/vendor/laravel/framework/src/Illuminate/Foundation/Http/Middleware/PreventRequestsDuringMaintenance.php(86): Illuminate\\Pipeline\\Pipeline->Illuminate\\Pipeline\\{closure}(Object(Illuminate\\Http\\Request))
#39 /Users/mathieu/Documents/GitHub/Projet-QCM/api/vendor/laravel/framework/src/Illuminate/Pipeline/Pipeline.php(180): Illuminate\\Foundation\\Http\\Middleware\\PreventRequestsDuringMaintenance->handle(Object(Illuminate\\Http\\Request), Object(Closure))
#40 /Users/mathieu/Documents/GitHub/Projet-QCM/api/vendor/laravel/framework/src/Illuminate/Http/Middleware/HandleCors.php(62): Illuminate\\Pipeline\\Pipeline->Illuminate\\Pipeline\\{closure}(Object(Illuminate\\Http\\Request))
#41 /Users/mathieu/Documents/GitHub/Projet-QCM/api/vendor/laravel/framework/src/Illuminate/Pipeline/Pipeline.php(180): Illuminate\\Http\\Middleware\\HandleCors->handle(Object(Illuminate\\Http\\Request), Object(Closure))
#42 /Users/mathieu/Documents/GitHub/Projet-QCM/api/vendor/laravel/framework/src/Illuminate/Http/Middleware/TrustProxies.php(39): Illuminate\\Pipeline\\Pipeline->Illuminate\\Pipeline\\{closure}(Object(Illuminate\\Http\\Request))
#43 /Users/mathieu/Documents/GitHub/Projet-QCM/api/vendor/laravel/framework/src/Illuminate/Pipeline/Pipeline.php(180): Illuminate\\Http\\Middleware\\TrustProxies->handle(Object(Illuminate\\Http\\Request), Object(Closure))
#44 /Users/mathieu/Documents/GitHub/Projet-QCM/api/vendor/laravel/framework/src/Illuminate/Pipeline/Pipeline.php(116): Illuminate\\Pipeline\\Pipeline->Illuminate\\Pipeline\\{closure}(Object(Illuminate\\Http\\Request))
#45 /Users/mathieu/Documents/GitHub/Projet-QCM/api/vendor/laravel/framework/src/Illuminate/Foundation/Http/Kernel.php(175): Illuminate\\Pipeline\\Pipeline->then(Object(Closure))
#46 /Users/mathieu/Documents/GitHub/Projet-QCM/api/vendor/laravel/framework/src/Illuminate/Foundation/Http/Kernel.php(144): Illuminate\\Foundation\\Http\\Kernel->sendRequestThroughRouter(Object(Illuminate\\Http\\Request))
#47 /Users/mathieu/Documents/GitHub/Projet-QCM/api/public/index.php(51): Illuminate\\Foundation\\Http\\Kernel->handle(Object(Illuminate\\Http\\Request))
#48 {main}
"} 
[2023-05-22 10:08:40] local.ERROR: Please provide a valid cache path. {"exception":"[object] (InvalidArgumentException(code: 0): Please provide a valid cache path. at /Users/mathieu/Documents/GitHub/Projet-QCM/api/vendor/laravel/framework/src/Illuminate/View/Compilers/Compiler.php:66)
[stacktrace]
#0 /Users/mathieu/Documents/GitHub/Projet-QCM/api/vendor/laravel/framework/src/Illuminate/View/ViewServiceProvider.php(96): Illuminate\\View\\Compilers\\Compiler->__construct(Object(Illuminate\\Filesystem\\Filesystem), false, '', true, 'php')
#1 /Users/mathieu/Documents/GitHub/Projet-QCM/api/vendor/laravel/framework/src/Illuminate/Container/Container.php(910): Illuminate\\View\\ViewServiceProvider->Illuminate\\View\\{closure}(Object(Illuminate\\Foundation\\Application), Array)
#2 /Users/mathieu/Documents/GitHub/Projet-QCM/api/vendor/laravel/framework/src/Illuminate/Container/Container.php(795): Illuminate\\Container\\Container->build(Object(Closure))
#3 /Users/mathieu/Documents/GitHub/Projet-QCM/api/vendor/laravel/framework/src/Illuminate/Foundation/Application.php(933): Illuminate\\Container\\Container->resolve('blade.compiler', Array, true)
#4 /Users/mathieu/Documents/GitHub/Projet-QCM/api/vendor/laravel/framework/src/Illuminate/Container/Container.php(731): Illuminate\\Foundation\\Application->resolve('blade.compiler', Array)
#5 /Users/mathieu/Documents/GitHub/Projet-QCM/api/vendor/laravel/framework/src/Illuminate/Foundation/Application.php(918): Illuminate\\Container\\Container->make('blade.compiler', Array)
#6 /Users/mathieu/Documents/GitHub/Projet-QCM/api/vendor/laravel/framework/src/Illuminate/Container/Container.php(1456): Illuminate\\Foundation\\Application->make('blade.compiler')
#7 /Users/mathieu/Documents/GitHub/Projet-QCM/api/vendor/laravel/framework/src/Illuminate/View/ViewServiceProvider.php(164): Illuminate\\Container\\Container->offsetGet('blade.compiler')
#8 [internal function]: Illuminate\\View\\ViewServiceProvider->Illuminate\\View\\{closure}()
#9 /Users/mathieu/Documents/GitHub/Projet-QCM/api/vendor/laravel/framework/src/Illuminate/View/Engines/EngineResolver.php(55): call_user_func(Object(Closure))
#10 /Users/mathieu/Documents/GitHub/Projet-QCM/api/vendor/laravel/framework/src/Illuminate/View/Factory.php(310): Illuminate\\View\\Engines\\EngineResolver->resolve('blade')
#11 /Users/mathieu/Documents/GitHub/Projet-QCM/api/vendor/laravel/framework/src/Illuminate/View/Factory.php(274): Illuminate\\View\\Factory->getEngineFromPath('/Users/mathieu/...')
#12 /Users/mathieu/Documents/GitHub/Projet-QCM/api/vendor/laravel/framework/src/Illuminate/View/Factory.php(146): Illuminate\\View\\Factory->viewInstance('errors::404', '/Users/mathieu/...', Array)
#13 /Users/mathieu/Documents/GitHub/Projet-QCM/api/vendor/laravel/framework/src/Illuminate/Routing/ResponseFactory.php(87): Illuminate\\View\\Factory->make('errors::404', Array)
#14 /Users/mathieu/Documents/GitHub/Projet-QCM/api/vendor/laravel/framework/src/Illuminate/Foundation/Exceptions/Handler.php(643): Illuminate\\Routing\\ResponseFactory->view('errors::404', Array, 404, Array)
#15 /Users/mathieu/Documents/GitHub/Projet-QCM/api/vendor/laravel/framework/src/Illuminate/Foundation/Exceptions/Handler.php(571): Illuminate\\Foundation\\Exceptions\\Handler->renderHttpException(Object(Symfony\\Component\\HttpKernel\\Exception\\NotFoundHttpException))
#16 /Users/mathieu/Documents/GitHub/Projet-QCM/api/vendor/laravel/framework/src/Illuminate/Foundation/Exceptions/Handler.php(477): Illuminate\\Foundation\\Exceptions\\Handler->prepareResponse(Object(Illuminate\\Http\\Request), Object(Symfony\\Component\\HttpKernel\\Exception\\NotFoundHttpException))
#17 /Users/mathieu/Documents/GitHub/Projet-QCM/api/vendor/laravel/framework/src/Illuminate/Foundation/Exceptions/Handler.php(394): Illuminate\\Foundation\\Exceptions\\Handler->renderExceptionResponse(Object(Illuminate\\Http\\Request), Object(Symfony\\Component\\HttpKernel\\Exception\\NotFoundHttpException))
#18 /Users/mathieu/Documents/GitHub/Projet-QCM/api/vendor/laravel/framework/src/Illuminate/Routing/Pipeline.php(51): Illuminate\\Foundation\\Exceptions\\Handler->render(Object(Illuminate\\Http\\Request), Object(Symfony\\Component\\HttpKernel\\Exception\\NotFoundHttpException))
#19 /Users/mathieu/Documents/GitHub/Projet-QCM/api/vendor/laravel/framework/src/Illuminate/Pipeline/Pipeline.php(143): Illuminate\\Routing\\Pipeline->handleException(Object(Illuminate\\Http\\Request), Object(Symfony\\Component\\HttpKernel\\Exception\\NotFoundHttpException))
#20 /Users/mathieu/Documents/GitHub/Projet-QCM/api/vendor/laravel/framework/src/Illuminate/Foundation/Http/Middleware/TransformsRequest.php(21): Illuminate\\Pipeline\\Pipeline->Illuminate\\Pipeline\\{closure}(Object(Illuminate\\Http\\Request))
#21 /Users/mathieu/Documents/GitHub/Projet-QCM/api/vendor/laravel/framework/src/Illuminate/Foundation/Http/Middleware/ConvertEmptyStringsToNull.php(31): Illuminate\\Foundation\\Http\\Middleware\\TransformsRequest->handle(Object(Illuminate\\Http\\Request), Object(Closure))
#22 /Users/mathieu/Documents/GitHub/Projet-QCM/api/vendor/laravel/framework/src/Illuminate/Pipeline/Pipeline.php(180): Illuminate\\Foundation\\Http\\Middleware\\ConvertEmptyStringsToNull->handle(Object(Illuminate\\Http\\Request), Object(Closure))
#23 /Users/mathieu/Documents/GitHub/Projet-QCM/api/vendor/laravel/framework/src/Illuminate/Foundation/Http/Middleware/TransformsRequest.php(21): Illuminate\\Pipeline\\Pipeline->Illuminate\\Pipeline\\{closure}(Object(Illuminate\\Http\\Request))
#24 /Users/mathieu/Documents/GitHub/Projet-QCM/api/vendor/laravel/framework/src/Illuminate/Foundation/Http/Middleware/TrimStrings.php(40): Illuminate\\Foundation\\Http\\Middleware\\TransformsRequest->handle(Object(Illuminate\\Http\\Request), Object(Closure))
#25 /Users/mathieu/Documents/GitHub/Projet-QCM/api/vendor/laravel/framework/src/Illuminate/Pipeline/Pipeline.php(180): Illuminate\\Foundation\\Http\\Middleware\\TrimStrings->handle(Object(Illuminate\\Http\\Request), Object(Closure))
#26 /Users/mathieu/Documents/GitHub/Projet-QCM/api/vendor/laravel/framework/src/Illuminate/Foundation/Http/Middleware/ValidatePostSize.php(27): Illuminate\\Pipeline\\Pipeline->Illuminate\\Pipeline\\{closure}(Object(Illuminate\\Http\\Request))
#27 /Users/mathieu/Documents/GitHub/Projet-QCM/api/vendor/laravel/framework/src/Illuminate/Pipeline/Pipeline.php(180): Illuminate\\Foundation\\Http\\Middleware\\ValidatePostSize->handle(Object(Illuminate\\Http\\Request), Object(Closure))
#28 /Users/mathieu/Documents/GitHub/Projet-QCM/api/vendor/laravel/framework/src/Illuminate/Foundation/Http/Middleware/PreventRequestsDuringMaintenance.php(86): Illuminate\\Pipeline\\Pipeline->Illuminate\\Pipeline\\{closure}(Object(Illuminate\\Http\\Request))
#29 /Users/mathieu/Documents/GitHub/Projet-QCM/api/vendor/laravel/framework/src/Illuminate/Pipeline/Pipeline.php(180): Illuminate\\Foundation\\Http\\Middleware\\PreventRequestsDuringMaintenance->handle(Object(Illuminate\\Http\\Request), Object(Closure))
#30 /Users/mathieu/Documents/GitHub/Projet-QCM/api/vendor/laravel/framework/src/Illuminate/Http/Middleware/HandleCors.php(49): Illuminate\\Pipeline\\Pipeline->Illuminate\\Pipeline\\{closure}(Object(Illuminate\\Http\\Request))
#31 /Users/mathieu/Documents/GitHub/Projet-QCM/api/vendor/laravel/framework/src/Illuminate/Pipeline/Pipeline.php(180): Illuminate\\Http\\Middleware\\HandleCors->handle(Object(Illuminate\\Http\\Request), Object(Closure))
#32 /Users/mathieu/Documents/GitHub/Projet-QCM/api/vendor/laravel/framework/src/Illuminate/Http/Middleware/TrustProxies.php(39): Illuminate\\Pipeline\\Pipeline->Illuminate\\Pipeline\\{closure}(Object(Illuminate\\Http\\Request))
#33 /Users/mathieu/Documents/GitHub/Projet-QCM/api/vendor/laravel/framework/src/Illuminate/Pipeline/Pipeline.php(180): Illuminate\\Http\\Middleware\\TrustProxies->handle(Object(Illuminate\\Http\\Request), Object(Closure))
#34 /Users/mathieu/Documents/GitHub/Projet-QCM/api/vendor/laravel/framework/src/Illuminate/Pipeline/Pipeline.php(116): Illuminate\\Pipeline\\Pipeline->Illuminate\\Pipeline\\{closure}(Object(Illuminate\\Http\\Request))
#35 /Users/mathieu/Documents/GitHub/Projet-QCM/api/vendor/laravel/framework/src/Illuminate/Foundation/Http/Kernel.php(175): Illuminate\\Pipeline\\Pipeline->then(Object(Closure))
#36 /Users/mathieu/Documents/GitHub/Projet-QCM/api/vendor/laravel/framework/src/Illuminate/Foundation/Http/Kernel.php(144): Illuminate\\Foundation\\Http\\Kernel->sendRequestThroughRouter(Object(Illuminate\\Http\\Request))
#37 /Users/mathieu/Documents/GitHub/Projet-QCM/api/public/index.php(51): Illuminate\\Foundation\\Http\\Kernel->handle(Object(Illuminate\\Http\\Request))
#38 {main}
"} 
[2023-05-22 10:09:34] local.ERROR: Uncaught InvalidArgumentException: Please provide a valid cache path. in /Users/mathieu/Documents/GitHub/Projet-QCM/api/vendor/laravel/framework/src/Illuminate/View/Compilers/Compiler.php:66
Stack trace:
#0 /Users/mathieu/Documents/GitHub/Projet-QCM/api/vendor/laravel/framework/src/Illuminate/View/ViewServiceProvider.php(96): Illuminate\View\Compilers\Compiler->__construct(Object(Illuminate\Filesystem\Filesystem), false, '', true, 'php')
#1 /Users/mathieu/Documents/GitHub/Projet-QCM/api/vendor/laravel/framework/src/Illuminate/Container/Container.php(910): Illuminate\View\ViewServiceProvider->Illuminate\View\{closure}(Object(Illuminate\Foundation\Application), Array)
#2 /Users/mathieu/Documents/GitHub/Projet-QCM/api/vendor/laravel/framework/src/Illuminate/Container/Container.php(795): Illuminate\Container\Container->build(Object(Closure))
#3 /Users/mathieu/Documents/GitHub/Projet-QCM/api/vendor/laravel/framework/src/Illuminate/Foundation/Application.php(933): Illuminate\Container\Container->resolve('blade.compiler', Array, true)
#4 /Users/mathieu/Documents/GitHub/Projet-QCM/api/vendor/laravel/framework/src/Illuminate/Container/Container.php(731): Illuminate\Foundation\Application->resolve('blade.compiler', Array)
#5 /Users/mathieu/Documents/GitHub/Projet-QCM/api/vendor/laravel/framework/src/Illuminate/Foundation/Application.php(918): Illuminate\Container\Container->make('blade.compiler', Array)
#6 /Users/mathieu/Documents/GitHub/Projet-QCM/api/vendor/laravel/framework/src/Illuminate/Foundation/helpers.php(120): Illuminate\Foundation\Application->make('blade.compiler', Array)
#7 Command line code(1): app('Illuminate\\View...')
#8 {main}
  thrown {"exception":"[object] (Symfony\\Component\\ErrorHandler\\Error\\FatalError(code: 0): Uncaught InvalidArgumentException: Please provide a valid cache path. in /Users/mathieu/Documents/GitHub/Projet-QCM/api/vendor/laravel/framework/src/Illuminate/View/Compilers/Compiler.php:66
Stack trace:
#0 /Users/mathieu/Documents/GitHub/Projet-QCM/api/vendor/laravel/framework/src/Illuminate/View/ViewServiceProvider.php(96): Illuminate\\View\\Compilers\\Compiler->__construct(Object(Illuminate\\Filesystem\\Filesystem), false, '', true, 'php')
#1 /Users/mathieu/Documents/GitHub/Projet-QCM/api/vendor/laravel/framework/src/Illuminate/Container/Container.php(910): Illuminate\\View\\ViewServiceProvider->Illuminate\\View\\{closure}(Object(Illuminate\\Foundation\\Application), Array)
#2 /Users/mathieu/Documents/GitHub/Projet-QCM/api/vendor/laravel/framework/src/Illuminate/Container/Container.php(795): Illuminate\\Container\\Container->build(Object(Closure))
#3 /Users/mathieu/Documents/GitHub/Projet-QCM/api/vendor/laravel/framework/src/Illuminate/Foundation/Application.php(933): Illuminate\\Container\\Container->resolve('blade.compiler', Array, true)
#4 /Users/mathieu/Documents/GitHub/Projet-QCM/api/vendor/laravel/framework/src/Illuminate/Container/Container.php(731): Illuminate\\Foundation\\Application->resolve('blade.compiler', Array)
#5 /Users/mathieu/Documents/GitHub/Projet-QCM/api/vendor/laravel/framework/src/Illuminate/Foundation/Application.php(918): Illuminate\\Container\\Container->make('blade.compiler', Array)
#6 /Users/mathieu/Documents/GitHub/Projet-QCM/api/vendor/laravel/framework/src/Illuminate/Foundation/helpers.php(120): Illuminate\\Foundation\\Application->make('blade.compiler', Array)
#7 Command line code(1): app('Illuminate\\\\View...')
#8 {main}
  thrown at /Users/mathieu/Documents/GitHub/Projet-QCM/api/vendor/laravel/framework/src/Illuminate/View/Compilers/Compiler.php:66)
[stacktrace]
#0 {main}
"} 
